<?xml version="1.0" encoding="UTF-8"?>
<!-- Generated by org.testng.reporters.JUnitXMLReporter -->
<testsuite ignored="0" hostname="CHN-s" failures="2" tests="2" name="Test" time="10.363" errors="0" timestamp="2023-08-02T21:29:12 IST">
  <testcase classname="com.amazon.in.qa.testcases.TC_SearchbarTest" name="get_5th_Item_From_Search_Results" time="0.02">
    <failure type="java.lang.NullPointerException" message="Cannot invoke &amp;quot;com.aventstack.extentreports.ExtentReports.createTest(String)&amp;quot; because &amp;quot;this.extentReport&amp;quot; is null">
      <![CDATA[java.lang.NullPointerException: Cannot invoke "com.aventstack.extentreports.ExtentReports.createTest(String)" because "this.extentReport" is null
at com.amazon.in.qa.listeners.TestNgListeners.onTestStart(TestNgListeners.java:37)
at java.base/java.util.ArrayList.forEach(ArrayList.java:1511)
... Removed 24 stack frames]]>
    </failure>
  </testcase> <!-- get_5th_Item_From_Search_Results -->
  <testcase classname="com.amazon.in.qa.testcases.TC_SearchbarTest" name="get_5th_Item_From_Search_Results" time="9.829">
    <failure type="java.lang.NullPointerException" message="Cannot invoke &amp;quot;org.openqa.selenium.TakesScreenshot.getScreenshotAs(org.openqa.selenium.OutputType)&amp;quot; because &amp;quot;driver&amp;quot; is null">
      <![CDATA[java.lang.NullPointerException: Cannot invoke "org.openqa.selenium.TakesScreenshot.getScreenshotAs(org.openqa.selenium.OutputType)" because "driver" is null
at com.amazon.in.qa.listeners.TestNgListeners.onTestFailure(TestNgListeners.java:59)
at java.base/java.util.ArrayList.forEach(ArrayList.java:1511)
... Removed 24 stack frames]]>
    </failure>
  </testcase> <!-- get_5th_Item_From_Search_Results -->
</testsuite> <!-- Test -->
