<?xml version="1.0" encoding="UTF-8"?>
<testng-results ignored="0" total="1" passed="1" failed="0" skipped="0">
  <reporter-output>
  </reporter-output>
  <suite started-at="2023-08-03T00:22:37 IST" name="Amazon Automation Suite" finished-at="2023-08-03T00:23:22 IST" duration-ms="44639">
    <groups>
    </groups>
    <test started-at="2023-08-03T00:22:37 IST" name="Searchbar Test cases" finished-at="2023-08-03T00:23:22 IST" duration-ms="44639">
      <class name="com.amazon.in.qa.testcases.TC_SearchbarTest">
        <test-method is-config="true" signature="accessApplication()[pri:0, instance:com.amazon.in.qa.testcases.TC_SearchbarTest@48aca48b]" started-at="2023-08-03T00:22:38 IST" name="accessApplication" finished-at="2023-08-03T00:22:59 IST" duration-ms="20224" status="PASS">
          <reporter-output>
          </reporter-output>
        </test-method> <!-- accessApplication -->
        <test-method signature="get_5th_Item_From_Search_Results()[pri:0, instance:com.amazon.in.qa.testcases.TC_SearchbarTest@48aca48b]" started-at="2023-08-03T00:22:59 IST" name="get_5th_Item_From_Search_Results" finished-at="2023-08-03T00:23:22 IST" duration-ms="23425" status="PASS">
          <reporter-output>
          </reporter-output>
        </test-method> <!-- get_5th_Item_From_Search_Results -->
      </class> <!-- com.amazon.in.qa.testcases.TC_SearchbarTest -->
    </test> <!-- Searchbar Test cases -->
  </suite> <!-- Amazon Automation Suite -->
</testng-results>
