<?xml version="1.0" encoding="UTF-8"?>
<testng-results ignored="0" total="1" passed="1" failed="0" skipped="0">
  <reporter-output>
  </reporter-output>
  <suite started-at="2023-08-03T02:21:21 IST" name="Amazon Automation Suite" finished-at="2023-08-03T02:21:52 IST" duration-ms="31631">
    <groups>
    </groups>
    <test started-at="2023-08-03T02:21:21 IST" name="Searchbar Test cases" finished-at="2023-08-03T02:21:52 IST" duration-ms="31631">
      <class name="com.amazon.in.qa.testcases.TC_SearchbarTest">
        <test-method is-config="true" signature="accessApplication()[pri:0, instance:com.amazon.in.qa.testcases.TC_SearchbarTest@4d465b11]" started-at="2023-08-03T02:21:21 IST" name="accessApplication" finished-at="2023-08-03T02:21:35 IST" duration-ms="13983" status="PASS">
          <reporter-output>
          </reporter-output>
        </test-method> <!-- accessApplication -->
        <test-method signature="get_5th_Item_From_Search_Results()[pri:0, instance:com.amazon.in.qa.testcases.TC_SearchbarTest@4d465b11]" started-at="2023-08-03T02:21:35 IST" name="get_5th_Item_From_Search_Results" finished-at="2023-08-03T02:21:52 IST" duration-ms="17058" status="PASS">
          <reporter-output>
          </reporter-output>
        </test-method> <!-- get_5th_Item_From_Search_Results -->
      </class> <!-- com.amazon.in.qa.testcases.TC_SearchbarTest -->
    </test> <!-- Searchbar Test cases -->
  </suite> <!-- Amazon Automation Suite -->
</testng-results>
